17/12/16 05:03:37 PM | error loadView general | view | response 400
17/12/16 05:03:38 PM | error loadView general | view | response 400
17/12/16 05:03:50 PM | ERROR: [8] Undefined index: name
Notice on line 17 in file /var/www/html/Strongertogether/modules/users/model/dao/users_dao.class.singleton.php
 |  | response 200
17/12/16 05:03:50 PM | ERROR: [8] Undefined index: surname
Notice on line 18 in file /var/www/html/Strongertogether/modules/users/model/dao/users_dao.class.singleton.php
 |  | response 200
17/12/16 05:03:50 PM | ERROR: [8] Undefined index: id_document
Notice on line 19 in file /var/www/html/Strongertogether/modules/users/model/dao/users_dao.class.singleton.php
 |  | response 200
17/12/16 05:03:50 PM | ERROR: [8] Undefined index: phone
Notice on line 20 in file /var/www/html/Strongertogether/modules/users/model/dao/users_dao.class.singleton.php
 |  | response 200
17/12/16 05:03:50 PM | ERROR: [8] Undefined index: interests
Notice on line 30 in file /var/www/html/Strongertogether/modules/users/model/dao/users_dao.class.singleton.php
 |  | response 200
17/12/16 05:03:50 PM | ERROR: [8] Undefined index: gender
Notice on line 31 in file /var/www/html/Strongertogether/modules/users/model/dao/users_dao.class.singleton.php
 |  | response 200
17/12/16 05:03:50 PM | ERROR: [8] Undefined index: date_birthday
Notice on line 32 in file /var/www/html/Strongertogether/modules/users/model/dao/users_dao.class.singleton.php
 |  | response 200
17/12/16 05:03:50 PM | ERROR: [8] Undefined index: pais
Notice on line 34 in file /var/www/html/Strongertogether/modules/users/model/dao/users_dao.class.singleton.php
 |  | response 200
17/12/16 05:03:50 PM | ERROR: [8] Undefined index: provincia
Notice on line 35 in file /var/www/html/Strongertogether/modules/users/model/dao/users_dao.class.singleton.php
 |  | response 200
17/12/16 05:03:50 PM | ERROR: [8] Undefined index: poblacion
Notice on line 36 in file /var/www/html/Strongertogether/modules/users/model/dao/users_dao.class.singleton.php
 |  | response 200
17/12/16 05:03:50 PM | ERROR: [2] Invalid argument supplied for foreach()
Warning on line 43 in file /var/www/html/Strongertogether/modules/users/model/dao/users_dao.class.singleton.php
 |  | response 200
17/12/16 05:03:50 PM | ERROR: [2] Invalid argument supplied for foreach()
Warning on line 60 in file /var/www/html/Strongertogether/modules/users/model/dao/users_dao.class.singleton.php
 |  | response 200
17/12/16 05:03:50 PM | ERROR: [2] Missing argument 1 for phpmailer::AddAttachment(), called in /var/www/html/Strongertogether/classes/email/email.class.singleton.php on line 27 and defined
Warning on line 1511 in file /var/www/html/Strongertogether/libs/PHPMailer_v5.1/class.phpmailer.php
 |  | response 200
17/12/16 05:03:50 PM | ERROR: [8] Undefined variable: path
Notice on line 1513 in file /var/www/html/Strongertogether/libs/PHPMailer_v5.1/class.phpmailer.php
 |  | response 200
17/12/16 05:03:50 PM | ERROR: [8] Undefined variable: path
Notice on line 1514 in file /var/www/html/Strongertogether/libs/PHPMailer_v5.1/class.phpmailer.php
 |  | response 200
17/12/16 05:03:50 PM | ERROR: [8] Undefined index: inputName
Notice on line 95 in file /var/www/html/Strongertogether/utils/mail.inc.php
 |  | response 200
17/12/16 05:04:47 PM | ERROR: [8] Undefined index: name
Notice on line 17 in file /var/www/html/Strongertogether/modules/users/model/dao/users_dao.class.singleton.php
 |  | response 200
17/12/16 05:04:47 PM | ERROR: [8] Undefined index: surname
Notice on line 18 in file /var/www/html/Strongertogether/modules/users/model/dao/users_dao.class.singleton.php
 |  | response 200
17/12/16 05:04:47 PM | ERROR: [8] Undefined index: id_document
Notice on line 19 in file /var/www/html/Strongertogether/modules/users/model/dao/users_dao.class.singleton.php
 |  | response 200
17/12/16 05:04:47 PM | ERROR: [8] Undefined index: phone
Notice on line 20 in file /var/www/html/Strongertogether/modules/users/model/dao/users_dao.class.singleton.php
 |  | response 200
17/12/16 05:04:47 PM | ERROR: [8] Undefined index: interests
Notice on line 30 in file /var/www/html/Strongertogether/modules/users/model/dao/users_dao.class.singleton.php
 |  | response 200
17/12/16 05:04:47 PM | ERROR: [8] Undefined index: gender
Notice on line 31 in file /var/www/html/Strongertogether/modules/users/model/dao/users_dao.class.singleton.php
 |  | response 200
17/12/16 05:04:47 PM | ERROR: [8] Undefined index: date_birthday
Notice on line 32 in file /var/www/html/Strongertogether/modules/users/model/dao/users_dao.class.singleton.php
 |  | response 200
17/12/16 05:04:47 PM | ERROR: [8] Undefined index: pais
Notice on line 34 in file /var/www/html/Strongertogether/modules/users/model/dao/users_dao.class.singleton.php
 |  | response 200
17/12/16 05:04:47 PM | ERROR: [8] Undefined index: provincia
Notice on line 35 in file /var/www/html/Strongertogether/modules/users/model/dao/users_dao.class.singleton.php
 |  | response 200
17/12/16 05:04:47 PM | ERROR: [8] Undefined index: poblacion
Notice on line 36 in file /var/www/html/Strongertogether/modules/users/model/dao/users_dao.class.singleton.php
 |  | response 200
17/12/16 05:04:47 PM | ERROR: [2] Invalid argument supplied for foreach()
Warning on line 43 in file /var/www/html/Strongertogether/modules/users/model/dao/users_dao.class.singleton.php
 |  | response 200
17/12/16 05:04:47 PM | ERROR: [2] Invalid argument supplied for foreach()
Warning on line 60 in file /var/www/html/Strongertogether/modules/users/model/dao/users_dao.class.singleton.php
 |  | response 200
17/12/16 05:04:47 PM | ERROR: [2] Missing argument 1 for phpmailer::AddAttachment(), called in /var/www/html/Strongertogether/classes/email/email.class.singleton.php on line 27 and defined
Warning on line 1511 in file /var/www/html/Strongertogether/libs/PHPMailer_v5.1/class.phpmailer.php
 |  | response 200
17/12/16 05:04:47 PM | ERROR: [8] Undefined variable: path
Notice on line 1513 in file /var/www/html/Strongertogether/libs/PHPMailer_v5.1/class.phpmailer.php
 |  | response 200
17/12/16 05:04:47 PM | ERROR: [8] Undefined variable: path
Notice on line 1514 in file /var/www/html/Strongertogether/libs/PHPMailer_v5.1/class.phpmailer.php
 |  | response 200
17/12/16 05:04:47 PM | ERROR: [8] Undefined index: inputName
Notice on line 95 in file /var/www/html/Strongertogether/utils/mail.inc.php
 |  | response 200
17/12/16 05:06:08 PM | error loadView general | view | response 400
17/12/16 05:06:08 PM | error loadView general | view | response 400
17/12/16 05:06:17 PM | ERROR: [8] Undefined index: name
Notice on line 17 in file /var/www/html/Strongertogether/modules/users/model/dao/users_dao.class.singleton.php
 |  | response 200
17/12/16 05:06:17 PM | ERROR: [8] Undefined index: surname
Notice on line 18 in file /var/www/html/Strongertogether/modules/users/model/dao/users_dao.class.singleton.php
 |  | response 200
17/12/16 05:06:17 PM | ERROR: [8] Undefined index: id_document
Notice on line 19 in file /var/www/html/Strongertogether/modules/users/model/dao/users_dao.class.singleton.php
 |  | response 200
17/12/16 05:06:17 PM | ERROR: [8] Undefined index: phone
Notice on line 20 in file /var/www/html/Strongertogether/modules/users/model/dao/users_dao.class.singleton.php
 |  | response 200
17/12/16 05:06:17 PM | ERROR: [8] Undefined index: interests
Notice on line 30 in file /var/www/html/Strongertogether/modules/users/model/dao/users_dao.class.singleton.php
 |  | response 200
17/12/16 05:06:17 PM | ERROR: [8] Undefined index: gender
Notice on line 31 in file /var/www/html/Strongertogether/modules/users/model/dao/users_dao.class.singleton.php
 |  | response 200
17/12/16 05:06:17 PM | ERROR: [8] Undefined index: date_birthday
Notice on line 32 in file /var/www/html/Strongertogether/modules/users/model/dao/users_dao.class.singleton.php
 |  | response 200
17/12/16 05:06:17 PM | ERROR: [8] Undefined index: pais
Notice on line 34 in file /var/www/html/Strongertogether/modules/users/model/dao/users_dao.class.singleton.php
 |  | response 200
17/12/16 05:06:17 PM | ERROR: [8] Undefined index: provincia
Notice on line 35 in file /var/www/html/Strongertogether/modules/users/model/dao/users_dao.class.singleton.php
 |  | response 200
17/12/16 05:06:17 PM | ERROR: [8] Undefined index: poblacion
Notice on line 36 in file /var/www/html/Strongertogether/modules/users/model/dao/users_dao.class.singleton.php
 |  | response 200
17/12/16 05:06:17 PM | ERROR: [2] Invalid argument supplied for foreach()
Warning on line 43 in file /var/www/html/Strongertogether/modules/users/model/dao/users_dao.class.singleton.php
 |  | response 200
17/12/16 05:06:17 PM | ERROR: [2] Invalid argument supplied for foreach()
Warning on line 60 in file /var/www/html/Strongertogether/modules/users/model/dao/users_dao.class.singleton.php
 |  | response 200
17/12/16 05:06:17 PM | ERROR: [2] Missing argument 1 for phpmailer::AddAttachment(), called in /var/www/html/Strongertogether/classes/email/email.class.singleton.php on line 27 and defined
Warning on line 1511 in file /var/www/html/Strongertogether/libs/PHPMailer_v5.1/class.phpmailer.php
 |  | response 200
17/12/16 05:06:17 PM | ERROR: [8] Undefined variable: path
Notice on line 1513 in file /var/www/html/Strongertogether/libs/PHPMailer_v5.1/class.phpmailer.php
 |  | response 200
17/12/16 05:06:17 PM | ERROR: [8] Undefined variable: path
Notice on line 1514 in file /var/www/html/Strongertogether/libs/PHPMailer_v5.1/class.phpmailer.php
 |  | response 200
17/12/16 05:06:17 PM | ERROR: [8] Undefined index: inputName
Notice on line 95 in file /var/www/html/Strongertogether/utils/mail.inc.php
 |  | response 200
17/12/16 05:07:02 PM | error loadView general | view | response 400
17/12/16 05:07:03 PM | error loadView general | view | response 400
17/12/16 05:07:13 PM | ERROR: [8] Undefined index: name
Notice on line 17 in file /var/www/html/Strongertogether/modules/users/model/dao/users_dao.class.singleton.php
 |  | response 200
17/12/16 05:07:13 PM | ERROR: [8] Undefined index: surname
Notice on line 18 in file /var/www/html/Strongertogether/modules/users/model/dao/users_dao.class.singleton.php
 |  | response 200
17/12/16 05:07:13 PM | ERROR: [8] Undefined index: id_document
Notice on line 19 in file /var/www/html/Strongertogether/modules/users/model/dao/users_dao.class.singleton.php
 |  | response 200
17/12/16 05:07:13 PM | ERROR: [8] Undefined index: phone
Notice on line 20 in file /var/www/html/Strongertogether/modules/users/model/dao/users_dao.class.singleton.php
 |  | response 200
17/12/16 05:07:13 PM | ERROR: [8] Undefined index: interests
Notice on line 30 in file /var/www/html/Strongertogether/modules/users/model/dao/users_dao.class.singleton.php
 |  | response 200
17/12/16 05:07:13 PM | ERROR: [8] Undefined index: gender
Notice on line 31 in file /var/www/html/Strongertogether/modules/users/model/dao/users_dao.class.singleton.php
 |  | response 200
17/12/16 05:07:13 PM | ERROR: [8] Undefined index: date_birthday
Notice on line 32 in file /var/www/html/Strongertogether/modules/users/model/dao/users_dao.class.singleton.php
 |  | response 200
17/12/16 05:07:13 PM | ERROR: [8] Undefined index: pais
Notice on line 34 in file /var/www/html/Strongertogether/modules/users/model/dao/users_dao.class.singleton.php
 |  | response 200
17/12/16 05:07:13 PM | ERROR: [8] Undefined index: provincia
Notice on line 35 in file /var/www/html/Strongertogether/modules/users/model/dao/users_dao.class.singleton.php
 |  | response 200
17/12/16 05:07:13 PM | ERROR: [8] Undefined index: poblacion
Notice on line 36 in file /var/www/html/Strongertogether/modules/users/model/dao/users_dao.class.singleton.php
 |  | response 200
17/12/16 05:07:13 PM | ERROR: [2] Invalid argument supplied for foreach()
Warning on line 43 in file /var/www/html/Strongertogether/modules/users/model/dao/users_dao.class.singleton.php
 |  | response 200
17/12/16 05:07:13 PM | ERROR: [2] Invalid argument supplied for foreach()
Warning on line 60 in file /var/www/html/Strongertogether/modules/users/model/dao/users_dao.class.singleton.php
 |  | response 200
17/12/16 05:07:47 PM | error loadView general | view | response 400
17/12/16 05:07:47 PM | error loadView general | view | response 400
17/12/16 05:07:58 PM | ERROR: [8] Undefined index: name
Notice on line 17 in file /var/www/html/Strongertogether/modules/users/model/dao/users_dao.class.singleton.php
 |  | response 200
17/12/16 05:07:58 PM | ERROR: [8] Undefined index: surname
Notice on line 18 in file /var/www/html/Strongertogether/modules/users/model/dao/users_dao.class.singleton.php
 |  | response 200
17/12/16 05:07:58 PM | ERROR: [8] Undefined index: id_document
Notice on line 19 in file /var/www/html/Strongertogether/modules/users/model/dao/users_dao.class.singleton.php
 |  | response 200
17/12/16 05:07:58 PM | ERROR: [8] Undefined index: phone
Notice on line 20 in file /var/www/html/Strongertogether/modules/users/model/dao/users_dao.class.singleton.php
 |  | response 200
17/12/16 05:07:58 PM | ERROR: [8] Undefined index: interests
Notice on line 30 in file /var/www/html/Strongertogether/modules/users/model/dao/users_dao.class.singleton.php
 |  | response 200
17/12/16 05:07:58 PM | ERROR: [8] Undefined index: gender
Notice on line 31 in file /var/www/html/Strongertogether/modules/users/model/dao/users_dao.class.singleton.php
 |  | response 200
17/12/16 05:07:58 PM | ERROR: [8] Undefined index: date_birthday
Notice on line 32 in file /var/www/html/Strongertogether/modules/users/model/dao/users_dao.class.singleton.php
 |  | response 200
17/12/16 05:07:58 PM | ERROR: [8] Undefined index: pais
Notice on line 34 in file /var/www/html/Strongertogether/modules/users/model/dao/users_dao.class.singleton.php
 |  | response 200
17/12/16 05:07:58 PM | ERROR: [8] Undefined index: provincia
Notice on line 35 in file /var/www/html/Strongertogether/modules/users/model/dao/users_dao.class.singleton.php
 |  | response 200
17/12/16 05:07:58 PM | ERROR: [8] Undefined index: poblacion
Notice on line 36 in file /var/www/html/Strongertogether/modules/users/model/dao/users_dao.class.singleton.php
 |  | response 200
17/12/16 05:07:58 PM | ERROR: [2] Invalid argument supplied for foreach()
Warning on line 43 in file /var/www/html/Strongertogether/modules/users/model/dao/users_dao.class.singleton.php
 |  | response 200
17/12/16 05:07:58 PM | ERROR: [2] Invalid argument supplied for foreach()
Warning on line 60 in file /var/www/html/Strongertogether/modules/users/model/dao/users_dao.class.singleton.php
 |  | response 200
17/12/16 05:08:16 PM | error loadView general | view | response 400
17/12/16 05:08:34 PM | error loadView general | view | response 400
17/12/16 05:08:40 PM | error loadView general | view | response 400
17/12/16 05:10:20 PM | error loadView general | view | response 400
17/12/16 05:10:20 PM | error loadView general | view | response 400
17/12/16 05:10:32 PM | ERROR: [8] Undefined index: name
Notice on line 17 in file /var/www/html/Strongertogether/modules/users/model/dao/users_dao.class.singleton.php
 |  | response 200
17/12/16 05:10:32 PM | ERROR: [8] Undefined index: surname
Notice on line 18 in file /var/www/html/Strongertogether/modules/users/model/dao/users_dao.class.singleton.php
 |  | response 200
17/12/16 05:10:32 PM | ERROR: [8] Undefined index: id_document
Notice on line 19 in file /var/www/html/Strongertogether/modules/users/model/dao/users_dao.class.singleton.php
 |  | response 200
17/12/16 05:10:32 PM | ERROR: [8] Undefined index: phone
Notice on line 20 in file /var/www/html/Strongertogether/modules/users/model/dao/users_dao.class.singleton.php
 |  | response 200
17/12/16 05:10:32 PM | ERROR: [8] Undefined index: interests
Notice on line 30 in file /var/www/html/Strongertogether/modules/users/model/dao/users_dao.class.singleton.php
 |  | response 200
17/12/16 05:10:32 PM | ERROR: [8] Undefined index: gender
Notice on line 31 in file /var/www/html/Strongertogether/modules/users/model/dao/users_dao.class.singleton.php
 |  | response 200
17/12/16 05:10:32 PM | ERROR: [8] Undefined index: date_birthday
Notice on line 32 in file /var/www/html/Strongertogether/modules/users/model/dao/users_dao.class.singleton.php
 |  | response 200
17/12/16 05:10:32 PM | ERROR: [8] Undefined index: pais
Notice on line 34 in file /var/www/html/Strongertogether/modules/users/model/dao/users_dao.class.singleton.php
 |  | response 200
17/12/16 05:10:32 PM | ERROR: [8] Undefined index: provincia
Notice on line 35 in file /var/www/html/Strongertogether/modules/users/model/dao/users_dao.class.singleton.php
 |  | response 200
17/12/16 05:10:32 PM | ERROR: [8] Undefined index: poblacion
Notice on line 36 in file /var/www/html/Strongertogether/modules/users/model/dao/users_dao.class.singleton.php
 |  | response 200
17/12/16 05:10:32 PM | ERROR: [2] Invalid argument supplied for foreach()
Warning on line 43 in file /var/www/html/Strongertogether/modules/users/model/dao/users_dao.class.singleton.php
 |  | response 200
17/12/16 05:10:32 PM | ERROR: [2] Invalid argument supplied for foreach()
Warning on line 60 in file /var/www/html/Strongertogether/modules/users/model/dao/users_dao.class.singleton.php
 |  | response 200
17/12/16 05:10:32 PM | ERROR: [2] Missing argument 1 for phpmailer::AddAttachment(), called in /var/www/html/Strongertogether/classes/email/email.class.singleton.php on line 27 and defined
Warning on line 1511 in file /var/www/html/Strongertogether/libs/PHPMailer_v5.1/class.phpmailer.php
 |  | response 200
17/12/16 05:10:32 PM | ERROR: [8] Undefined variable: path
Notice on line 1513 in file /var/www/html/Strongertogether/libs/PHPMailer_v5.1/class.phpmailer.php
 |  | response 200
17/12/16 05:10:32 PM | ERROR: [8] Undefined variable: path
Notice on line 1514 in file /var/www/html/Strongertogether/libs/PHPMailer_v5.1/class.phpmailer.php
 |  | response 200
17/12/16 05:10:32 PM | ERROR: [8] Undefined index: inputName
Notice on line 95 in file /var/www/html/Strongertogether/utils/mail.inc.php
 |  | response 200
17/12/16 05:11:20 PM | error loadView general | view | response 400
17/12/16 05:11:20 PM | error loadView general | view | response 400
17/12/16 05:11:29 PM | ERROR: [8] Undefined index: name
Notice on line 17 in file /var/www/html/Strongertogether/modules/users/model/dao/users_dao.class.singleton.php
 |  | response 200
17/12/16 05:11:29 PM | ERROR: [8] Undefined index: surname
Notice on line 18 in file /var/www/html/Strongertogether/modules/users/model/dao/users_dao.class.singleton.php
 |  | response 200
17/12/16 05:11:29 PM | ERROR: [8] Undefined index: id_document
Notice on line 19 in file /var/www/html/Strongertogether/modules/users/model/dao/users_dao.class.singleton.php
 |  | response 200
17/12/16 05:11:29 PM | ERROR: [8] Undefined index: phone
Notice on line 20 in file /var/www/html/Strongertogether/modules/users/model/dao/users_dao.class.singleton.php
 |  | response 200
17/12/16 05:11:29 PM | ERROR: [8] Undefined index: interests
Notice on line 30 in file /var/www/html/Strongertogether/modules/users/model/dao/users_dao.class.singleton.php
 |  | response 200
17/12/16 05:11:29 PM | ERROR: [8] Undefined index: gender
Notice on line 31 in file /var/www/html/Strongertogether/modules/users/model/dao/users_dao.class.singleton.php
 |  | response 200
17/12/16 05:11:29 PM | ERROR: [8] Undefined index: date_birthday
Notice on line 32 in file /var/www/html/Strongertogether/modules/users/model/dao/users_dao.class.singleton.php
 |  | response 200
17/12/16 05:11:29 PM | ERROR: [8] Undefined index: pais
Notice on line 34 in file /var/www/html/Strongertogether/modules/users/model/dao/users_dao.class.singleton.php
 |  | response 200
17/12/16 05:11:29 PM | ERROR: [8] Undefined index: provincia
Notice on line 35 in file /var/www/html/Strongertogether/modules/users/model/dao/users_dao.class.singleton.php
 |  | response 200
17/12/16 05:11:29 PM | ERROR: [8] Undefined index: poblacion
Notice on line 36 in file /var/www/html/Strongertogether/modules/users/model/dao/users_dao.class.singleton.php
 |  | response 200
17/12/16 05:11:29 PM | ERROR: [2] Invalid argument supplied for foreach()
Warning on line 43 in file /var/www/html/Strongertogether/modules/users/model/dao/users_dao.class.singleton.php
 |  | response 200
17/12/16 05:11:29 PM | ERROR: [2] Invalid argument supplied for foreach()
Warning on line 60 in file /var/www/html/Strongertogether/modules/users/model/dao/users_dao.class.singleton.php
 |  | response 200
17/12/16 05:11:29 PM | ERROR: [2] Missing argument 1 for phpmailer::AddAttachment(), called in /var/www/html/Strongertogether/classes/email/email.class.singleton.php on line 27 and defined
Warning on line 1511 in file /var/www/html/Strongertogether/libs/PHPMailer_v5.1/class.phpmailer.php
 |  | response 200
17/12/16 05:11:29 PM | ERROR: [8] Undefined variable: path
Notice on line 1513 in file /var/www/html/Strongertogether/libs/PHPMailer_v5.1/class.phpmailer.php
 |  | response 200
17/12/16 05:11:29 PM | ERROR: [8] Undefined variable: path
Notice on line 1514 in file /var/www/html/Strongertogether/libs/PHPMailer_v5.1/class.phpmailer.php
 |  | response 200
17/12/16 05:11:29 PM | ERROR: [8] Undefined index: inputName
Notice on line 95 in file /var/www/html/Strongertogether/utils/mail.inc.php
 |  | response 200
17/12/16 05:15:53 PM | error loadView general | view | response 400
17/12/16 05:15:53 PM | error loadView general | view | response 400
17/12/16 05:16:02 PM | ERROR: [8] Undefined index: name
Notice on line 17 in file /var/www/html/Strongertogether/modules/users/model/dao/users_dao.class.singleton.php
 |  | response 200
17/12/16 05:16:02 PM | ERROR: [8] Undefined index: surname
Notice on line 18 in file /var/www/html/Strongertogether/modules/users/model/dao/users_dao.class.singleton.php
 |  | response 200
17/12/16 05:16:02 PM | ERROR: [8] Undefined index: id_document
Notice on line 19 in file /var/www/html/Strongertogether/modules/users/model/dao/users_dao.class.singleton.php
 |  | response 200
17/12/16 05:16:02 PM | ERROR: [8] Undefined index: phone
Notice on line 20 in file /var/www/html/Strongertogether/modules/users/model/dao/users_dao.class.singleton.php
 |  | response 200
17/12/16 05:16:02 PM | ERROR: [8] Undefined index: interests
Notice on line 30 in file /var/www/html/Strongertogether/modules/users/model/dao/users_dao.class.singleton.php
 |  | response 200
17/12/16 05:16:02 PM | ERROR: [8] Undefined index: gender
Notice on line 31 in file /var/www/html/Strongertogether/modules/users/model/dao/users_dao.class.singleton.php
 |  | response 200
17/12/16 05:16:02 PM | ERROR: [8] Undefined index: date_birthday
Notice on line 32 in file /var/www/html/Strongertogether/modules/users/model/dao/users_dao.class.singleton.php
 |  | response 200
17/12/16 05:16:02 PM | ERROR: [8] Undefined index: pais
Notice on line 34 in file /var/www/html/Strongertogether/modules/users/model/dao/users_dao.class.singleton.php
 |  | response 200
17/12/16 05:16:02 PM | ERROR: [8] Undefined index: provincia
Notice on line 35 in file /var/www/html/Strongertogether/modules/users/model/dao/users_dao.class.singleton.php
 |  | response 200
17/12/16 05:16:02 PM | ERROR: [8] Undefined index: poblacion
Notice on line 36 in file /var/www/html/Strongertogether/modules/users/model/dao/users_dao.class.singleton.php
 |  | response 200
17/12/16 05:16:02 PM | ERROR: [2] Invalid argument supplied for foreach()
Warning on line 43 in file /var/www/html/Strongertogether/modules/users/model/dao/users_dao.class.singleton.php
 |  | response 200
17/12/16 05:16:02 PM | ERROR: [2] Invalid argument supplied for foreach()
Warning on line 60 in file /var/www/html/Strongertogether/modules/users/model/dao/users_dao.class.singleton.php
 |  | response 200
17/12/16 05:16:02 PM | ERROR: [2] Missing argument 1 for phpmailer::AddAttachment(), called in /var/www/html/Strongertogether/classes/email/email.class.singleton.php on line 27 and defined
Warning on line 1511 in file /var/www/html/Strongertogether/libs/PHPMailer_v5.1/class.phpmailer.php
 |  | response 200
17/12/16 05:16:02 PM | ERROR: [8] Undefined variable: path
Notice on line 1513 in file /var/www/html/Strongertogether/libs/PHPMailer_v5.1/class.phpmailer.php
 |  | response 200
17/12/16 05:16:02 PM | ERROR: [8] Undefined variable: path
Notice on line 1514 in file /var/www/html/Strongertogether/libs/PHPMailer_v5.1/class.phpmailer.php
 |  | response 200
17/12/16 05:16:02 PM | ERROR: [8] Undefined index: inputName
Notice on line 95 in file /var/www/html/Strongertogether/utils/mail.inc.php
 |  | response 200
17/12/16 05:16:41 PM | error loadView general | view | response 400
17/12/16 05:16:41 PM | error loadView general | view | response 400
17/12/16 05:16:48 PM | ERROR: [8] Undefined index: name
Notice on line 17 in file /var/www/html/Strongertogether/modules/users/model/dao/users_dao.class.singleton.php
 |  | response 200
17/12/16 05:16:48 PM | ERROR: [8] Undefined index: surname
Notice on line 18 in file /var/www/html/Strongertogether/modules/users/model/dao/users_dao.class.singleton.php
 |  | response 200
17/12/16 05:16:48 PM | ERROR: [8] Undefined index: id_document
Notice on line 19 in file /var/www/html/Strongertogether/modules/users/model/dao/users_dao.class.singleton.php
 |  | response 200
17/12/16 05:16:48 PM | ERROR: [8] Undefined index: phone
Notice on line 20 in file /var/www/html/Strongertogether/modules/users/model/dao/users_dao.class.singleton.php
 |  | response 200
17/12/16 05:16:48 PM | ERROR: [8] Undefined index: interests
Notice on line 30 in file /var/www/html/Strongertogether/modules/users/model/dao/users_dao.class.singleton.php
 |  | response 200
17/12/16 05:16:48 PM | ERROR: [8] Undefined index: gender
Notice on line 31 in file /var/www/html/Strongertogether/modules/users/model/dao/users_dao.class.singleton.php
 |  | response 200
17/12/16 05:16:48 PM | ERROR: [8] Undefined index: date_birthday
Notice on line 32 in file /var/www/html/Strongertogether/modules/users/model/dao/users_dao.class.singleton.php
 |  | response 200
17/12/16 05:16:48 PM | ERROR: [8] Undefined index: pais
Notice on line 34 in file /var/www/html/Strongertogether/modules/users/model/dao/users_dao.class.singleton.php
 |  | response 200
17/12/16 05:16:48 PM | ERROR: [8] Undefined index: provincia
Notice on line 35 in file /var/www/html/Strongertogether/modules/users/model/dao/users_dao.class.singleton.php
 |  | response 200
17/12/16 05:16:48 PM | ERROR: [8] Undefined index: poblacion
Notice on line 36 in file /var/www/html/Strongertogether/modules/users/model/dao/users_dao.class.singleton.php
 |  | response 200
17/12/16 05:16:48 PM | ERROR: [2] Invalid argument supplied for foreach()
Warning on line 43 in file /var/www/html/Strongertogether/modules/users/model/dao/users_dao.class.singleton.php
 |  | response 200
17/12/16 05:16:48 PM | ERROR: [2] Invalid argument supplied for foreach()
Warning on line 60 in file /var/www/html/Strongertogether/modules/users/model/dao/users_dao.class.singleton.php
 |  | response 200
17/12/16 05:16:48 PM | ERROR: [2] Missing argument 1 for phpmailer::AddAttachment(), called in /var/www/html/Strongertogether/classes/email/email.class.singleton.php on line 27 and defined
Warning on line 1511 in file /var/www/html/Strongertogether/libs/PHPMailer_v5.1/class.phpmailer.php
 |  | response 200
17/12/16 05:16:48 PM | ERROR: [8] Undefined variable: path
Notice on line 1513 in file /var/www/html/Strongertogether/libs/PHPMailer_v5.1/class.phpmailer.php
 |  | response 200
17/12/16 05:16:48 PM | ERROR: [8] Undefined variable: path
Notice on line 1514 in file /var/www/html/Strongertogether/libs/PHPMailer_v5.1/class.phpmailer.php
 |  | response 200
17/12/16 05:16:48 PM | ERROR: [8] Undefined index: inputName
Notice on line 95 in file /var/www/html/Strongertogether/utils/mail.inc.php
 |  | response 200
17/12/16 05:17:21 PM | error loadView general | view | response 400
17/12/16 05:17:21 PM | error loadView general | view | response 400
17/12/16 05:17:29 PM | ERROR: [8] Undefined index: name
Notice on line 17 in file /var/www/html/Strongertogether/modules/users/model/dao/users_dao.class.singleton.php
 |  | response 200
17/12/16 05:17:29 PM | ERROR: [8] Undefined index: surname
Notice on line 18 in file /var/www/html/Strongertogether/modules/users/model/dao/users_dao.class.singleton.php
 |  | response 200
17/12/16 05:17:29 PM | ERROR: [8] Undefined index: id_document
Notice on line 19 in file /var/www/html/Strongertogether/modules/users/model/dao/users_dao.class.singleton.php
 |  | response 200
17/12/16 05:17:29 PM | ERROR: [8] Undefined index: phone
Notice on line 20 in file /var/www/html/Strongertogether/modules/users/model/dao/users_dao.class.singleton.php
 |  | response 200
17/12/16 05:17:29 PM | ERROR: [8] Undefined index: interests
Notice on line 30 in file /var/www/html/Strongertogether/modules/users/model/dao/users_dao.class.singleton.php
 |  | response 200
17/12/16 05:17:29 PM | ERROR: [8] Undefined index: gender
Notice on line 31 in file /var/www/html/Strongertogether/modules/users/model/dao/users_dao.class.singleton.php
 |  | response 200
17/12/16 05:17:29 PM | ERROR: [8] Undefined index: date_birthday
Notice on line 32 in file /var/www/html/Strongertogether/modules/users/model/dao/users_dao.class.singleton.php
 |  | response 200
17/12/16 05:17:29 PM | ERROR: [8] Undefined index: pais
Notice on line 34 in file /var/www/html/Strongertogether/modules/users/model/dao/users_dao.class.singleton.php
 |  | response 200
17/12/16 05:17:29 PM | ERROR: [8] Undefined index: provincia
Notice on line 35 in file /var/www/html/Strongertogether/modules/users/model/dao/users_dao.class.singleton.php
 |  | response 200
17/12/16 05:17:29 PM | ERROR: [8] Undefined index: poblacion
Notice on line 36 in file /var/www/html/Strongertogether/modules/users/model/dao/users_dao.class.singleton.php
 |  | response 200
17/12/16 05:17:29 PM | ERROR: [2] Invalid argument supplied for foreach()
Warning on line 43 in file /var/www/html/Strongertogether/modules/users/model/dao/users_dao.class.singleton.php
 |  | response 200
17/12/16 05:17:29 PM | ERROR: [2] Invalid argument supplied for foreach()
Warning on line 60 in file /var/www/html/Strongertogether/modules/users/model/dao/users_dao.class.singleton.php
 |  | response 200
17/12/16 05:17:29 PM | ERROR: [2] Missing argument 1 for phpmailer::AddAttachment(), called in /var/www/html/Strongertogether/classes/email/email.class.singleton.php on line 27 and defined
Warning on line 1511 in file /var/www/html/Strongertogether/libs/PHPMailer_v5.1/class.phpmailer.php
 |  | response 200
17/12/16 05:17:29 PM | ERROR: [8] Undefined variable: path
Notice on line 1513 in file /var/www/html/Strongertogether/libs/PHPMailer_v5.1/class.phpmailer.php
 |  | response 200
17/12/16 05:17:29 PM | ERROR: [8] Undefined variable: path
Notice on line 1514 in file /var/www/html/Strongertogether/libs/PHPMailer_v5.1/class.phpmailer.php
 |  | response 200
17/12/16 05:17:29 PM | ERROR: [8] Undefined index: inputName
Notice on line 95 in file /var/www/html/Strongertogether/utils/mail.inc.php
 |  | response 200
17/12/16 05:18:21 PM | error loadView general | view | response 400
17/12/16 05:18:21 PM | error loadView general | view | response 400
17/12/16 05:18:28 PM | ERROR: [8] Undefined index: name
Notice on line 17 in file /var/www/html/Strongertogether/modules/users/model/dao/users_dao.class.singleton.php
 |  | response 200
17/12/16 05:18:28 PM | ERROR: [8] Undefined index: surname
Notice on line 18 in file /var/www/html/Strongertogether/modules/users/model/dao/users_dao.class.singleton.php
 |  | response 200
17/12/16 05:18:28 PM | ERROR: [8] Undefined index: id_document
Notice on line 19 in file /var/www/html/Strongertogether/modules/users/model/dao/users_dao.class.singleton.php
 |  | response 200
17/12/16 05:18:28 PM | ERROR: [8] Undefined index: phone
Notice on line 20 in file /var/www/html/Strongertogether/modules/users/model/dao/users_dao.class.singleton.php
 |  | response 200
17/12/16 05:18:28 PM | ERROR: [8] Undefined index: interests
Notice on line 30 in file /var/www/html/Strongertogether/modules/users/model/dao/users_dao.class.singleton.php
 |  | response 200
17/12/16 05:18:28 PM | ERROR: [8] Undefined index: gender
Notice on line 31 in file /var/www/html/Strongertogether/modules/users/model/dao/users_dao.class.singleton.php
 |  | response 200
17/12/16 05:18:28 PM | ERROR: [8] Undefined index: date_birthday
Notice on line 32 in file /var/www/html/Strongertogether/modules/users/model/dao/users_dao.class.singleton.php
 |  | response 200
17/12/16 05:18:28 PM | ERROR: [8] Undefined index: pais
Notice on line 34 in file /var/www/html/Strongertogether/modules/users/model/dao/users_dao.class.singleton.php
 |  | response 200
17/12/16 05:18:28 PM | ERROR: [8] Undefined index: provincia
Notice on line 35 in file /var/www/html/Strongertogether/modules/users/model/dao/users_dao.class.singleton.php
 |  | response 200
17/12/16 05:18:28 PM | ERROR: [8] Undefined index: poblacion
Notice on line 36 in file /var/www/html/Strongertogether/modules/users/model/dao/users_dao.class.singleton.php
 |  | response 200
17/12/16 05:18:28 PM | ERROR: [2] Invalid argument supplied for foreach()
Warning on line 43 in file /var/www/html/Strongertogether/modules/users/model/dao/users_dao.class.singleton.php
 |  | response 200
17/12/16 05:18:28 PM | ERROR: [2] Invalid argument supplied for foreach()
Warning on line 60 in file /var/www/html/Strongertogether/modules/users/model/dao/users_dao.class.singleton.php
 |  | response 200
17/12/16 05:18:52 PM | error loadView general | view | response 400
17/12/16 05:18:53 PM | error loadView general | view | response 400
17/12/16 05:19:00 PM | ERROR: [8] Undefined index: name
Notice on line 17 in file /var/www/html/Strongertogether/modules/users/model/dao/users_dao.class.singleton.php
 |  | response 200
17/12/16 05:19:00 PM | ERROR: [8] Undefined index: surname
Notice on line 18 in file /var/www/html/Strongertogether/modules/users/model/dao/users_dao.class.singleton.php
 |  | response 200
17/12/16 05:19:00 PM | ERROR: [8] Undefined index: id_document
Notice on line 19 in file /var/www/html/Strongertogether/modules/users/model/dao/users_dao.class.singleton.php
 |  | response 200
17/12/16 05:19:00 PM | ERROR: [8] Undefined index: phone
Notice on line 20 in file /var/www/html/Strongertogether/modules/users/model/dao/users_dao.class.singleton.php
 |  | response 200
17/12/16 05:19:00 PM | ERROR: [8] Undefined index: interests
Notice on line 30 in file /var/www/html/Strongertogether/modules/users/model/dao/users_dao.class.singleton.php
 |  | response 200
17/12/16 05:19:00 PM | ERROR: [8] Undefined index: gender
Notice on line 31 in file /var/www/html/Strongertogether/modules/users/model/dao/users_dao.class.singleton.php
 |  | response 200
17/12/16 05:19:00 PM | ERROR: [8] Undefined index: date_birthday
Notice on line 32 in file /var/www/html/Strongertogether/modules/users/model/dao/users_dao.class.singleton.php
 |  | response 200
17/12/16 05:19:00 PM | ERROR: [8] Undefined index: pais
Notice on line 34 in file /var/www/html/Strongertogether/modules/users/model/dao/users_dao.class.singleton.php
 |  | response 200
17/12/16 05:19:00 PM | ERROR: [8] Undefined index: provincia
Notice on line 35 in file /var/www/html/Strongertogether/modules/users/model/dao/users_dao.class.singleton.php
 |  | response 200
17/12/16 05:19:00 PM | ERROR: [8] Undefined index: poblacion
Notice on line 36 in file /var/www/html/Strongertogether/modules/users/model/dao/users_dao.class.singleton.php
 |  | response 200
17/12/16 05:19:00 PM | ERROR: [2] Invalid argument supplied for foreach()
Warning on line 43 in file /var/www/html/Strongertogether/modules/users/model/dao/users_dao.class.singleton.php
 |  | response 200
17/12/16 05:19:00 PM | ERROR: [2] Invalid argument supplied for foreach()
Warning on line 60 in file /var/www/html/Strongertogether/modules/users/model/dao/users_dao.class.singleton.php
 |  | response 200
17/12/16 05:19:01 PM | error loadView general | view | response 400
17/12/16 05:19:02 PM | error loadView general | view | response 400
17/12/16 05:19:02 PM | error loadView general | view | response 400
17/12/16 05:27:36 PM | error loadView general | view | response 400
17/12/16 05:29:08 PM | error loadView general | view | response 400
17/12/16 05:29:09 PM | error loadView general | view | response 400
17/12/16 05:29:09 PM | error loadView general | view | response 400
17/12/16 05:29:16 PM | error loadView general | view | response 400
17/12/16 05:29:16 PM | error loadView general | view | response 400
17/12/16 05:29:25 PM | ERROR: [8] Undefined variable: sql
Notice on line 162 in file /var/www/html/Strongertogether/modules/users/model/dao/users_dao.class.singleton.php
 |  | response 200
17/12/16 05:29:25 PM | ERROR: [8] Undefined variable: fields
Notice on line 167 in file /var/www/html/Strongertogether/modules/users/model/dao/users_dao.class.singleton.php
 |  | response 200
17/12/16 05:29:25 PM | ERROR: [8] Undefined variable: sql
Notice on line 162 in file /var/www/html/Strongertogether/modules/users/model/dao/users_dao.class.singleton.php
 |  | response 200
17/12/16 05:29:25 PM | ERROR: [8] Undefined variable: fields
Notice on line 167 in file /var/www/html/Strongertogether/modules/users/model/dao/users_dao.class.singleton.php
 |  | response 200
17/12/16 05:29:26 PM | error loadView general | view | response 400
17/12/16 05:29:26 PM | error loadView general | view | response 400
17/12/16 05:29:26 PM | error loadView general | view | response 400
17/12/16 05:29:33 PM | error loadView general | view | response 400
17/12/16 05:29:35 PM | error loadView general | view | response 400
17/12/16 05:29:35 PM | error loadView general | view | response 400
17/12/16 05:30:02 PM | ERROR: [8] Undefined index: name
Notice on line 17 in file /var/www/html/Strongertogether/modules/users/model/dao/users_dao.class.singleton.php
 |  | response 200
17/12/16 05:30:02 PM | ERROR: [8] Undefined index: surname
Notice on line 18 in file /var/www/html/Strongertogether/modules/users/model/dao/users_dao.class.singleton.php
 |  | response 200
17/12/16 05:30:02 PM | ERROR: [8] Undefined index: id_document
Notice on line 19 in file /var/www/html/Strongertogether/modules/users/model/dao/users_dao.class.singleton.php
 |  | response 200
17/12/16 05:30:02 PM | ERROR: [8] Undefined index: phone
Notice on line 20 in file /var/www/html/Strongertogether/modules/users/model/dao/users_dao.class.singleton.php
 |  | response 200
17/12/16 05:30:02 PM | ERROR: [8] Undefined index: interests
Notice on line 30 in file /var/www/html/Strongertogether/modules/users/model/dao/users_dao.class.singleton.php
 |  | response 200
17/12/16 05:30:02 PM | ERROR: [8] Undefined index: gender
Notice on line 31 in file /var/www/html/Strongertogether/modules/users/model/dao/users_dao.class.singleton.php
 |  | response 200
17/12/16 05:30:02 PM | ERROR: [8] Undefined index: date_birthday
Notice on line 32 in file /var/www/html/Strongertogether/modules/users/model/dao/users_dao.class.singleton.php
 |  | response 200
17/12/16 05:30:02 PM | ERROR: [8] Undefined index: pais
Notice on line 34 in file /var/www/html/Strongertogether/modules/users/model/dao/users_dao.class.singleton.php
 |  | response 200
17/12/16 05:30:02 PM | ERROR: [8] Undefined index: provincia
Notice on line 35 in file /var/www/html/Strongertogether/modules/users/model/dao/users_dao.class.singleton.php
 |  | response 200
17/12/16 05:30:02 PM | ERROR: [8] Undefined index: poblacion
Notice on line 36 in file /var/www/html/Strongertogether/modules/users/model/dao/users_dao.class.singleton.php
 |  | response 200
17/12/16 05:30:02 PM | ERROR: [2] Invalid argument supplied for foreach()
Warning on line 43 in file /var/www/html/Strongertogether/modules/users/model/dao/users_dao.class.singleton.php
 |  | response 200
17/12/16 05:30:02 PM | ERROR: [2] Invalid argument supplied for foreach()
Warning on line 60 in file /var/www/html/Strongertogether/modules/users/model/dao/users_dao.class.singleton.php
 |  | response 200
17/12/16 05:30:02 PM | error loadView general | view | response 400
17/12/16 05:30:02 PM | error loadView general | view | response 400
17/12/16 05:30:03 PM | error loadView general | view | response 400
17/12/16 05:33:31 PM | error loadView general | view | response 400
17/12/16 05:33:31 PM | error loadView general | view | response 400
17/12/16 05:33:31 PM | error loadView general | view | response 400
17/12/16 05:33:39 PM | error loadView general | view | response 400
17/12/16 05:33:39 PM | error loadView general | view | response 400
17/12/16 05:33:39 PM | error loadView general | view | response 400
17/12/16 05:33:42 PM | error loadView general | view | response 400
17/12/16 05:33:42 PM | error loadView general | view | response 400
17/12/16 05:33:44 PM | error loadView general | view | response 400
17/12/16 05:33:44 PM | error loadView general | view | response 400
17/12/16 05:33:50 PM | ERROR: [8] Undefined variable: sql
Notice on line 162 in file /var/www/html/Strongertogether/modules/users/model/dao/users_dao.class.singleton.php
 |  | response 200
17/12/16 05:33:50 PM | ERROR: [8] Undefined variable: fields
Notice on line 167 in file /var/www/html/Strongertogether/modules/users/model/dao/users_dao.class.singleton.php
 |  | response 200
17/12/16 05:33:50 PM | ERROR: [8] Undefined variable: sql
Notice on line 162 in file /var/www/html/Strongertogether/modules/users/model/dao/users_dao.class.singleton.php
 |  | response 200
17/12/16 05:33:50 PM | ERROR: [8] Undefined variable: fields
Notice on line 167 in file /var/www/html/Strongertogether/modules/users/model/dao/users_dao.class.singleton.php
 |  | response 200
17/12/16 05:33:51 PM | error loadView general | view | response 400
17/12/16 05:33:52 PM | error loadView general | view | response 400
17/12/16 05:33:54 PM | error loadView general | view | response 400
17/12/16 05:33:54 PM | error loadView general | view | response 400
17/12/16 05:33:56 PM | error loadView general | view | response 400
17/12/16 05:33:56 PM | error loadView general | view | response 400
17/12/16 05:34:09 PM | ERROR: [8] Undefined index: name
Notice on line 17 in file /var/www/html/Strongertogether/modules/users/model/dao/users_dao.class.singleton.php
 |  | response 200
17/12/16 05:34:09 PM | ERROR: [8] Undefined index: surname
Notice on line 18 in file /var/www/html/Strongertogether/modules/users/model/dao/users_dao.class.singleton.php
 |  | response 200
17/12/16 05:34:09 PM | ERROR: [8] Undefined index: id_document
Notice on line 19 in file /var/www/html/Strongertogether/modules/users/model/dao/users_dao.class.singleton.php
 |  | response 200
17/12/16 05:34:09 PM | ERROR: [8] Undefined index: phone
Notice on line 20 in file /var/www/html/Strongertogether/modules/users/model/dao/users_dao.class.singleton.php
 |  | response 200
17/12/16 05:34:09 PM | ERROR: [8] Undefined index: interests
Notice on line 30 in file /var/www/html/Strongertogether/modules/users/model/dao/users_dao.class.singleton.php
 |  | response 200
17/12/16 05:34:09 PM | ERROR: [8] Undefined index: gender
Notice on line 31 in file /var/www/html/Strongertogether/modules/users/model/dao/users_dao.class.singleton.php
 |  | response 200
17/12/16 05:34:09 PM | ERROR: [8] Undefined index: date_birthday
Notice on line 32 in file /var/www/html/Strongertogether/modules/users/model/dao/users_dao.class.singleton.php
 |  | response 200
17/12/16 05:34:09 PM | ERROR: [8] Undefined index: pais
Notice on line 34 in file /var/www/html/Strongertogether/modules/users/model/dao/users_dao.class.singleton.php
 |  | response 200
17/12/16 05:34:09 PM | ERROR: [8] Undefined index: provincia
Notice on line 35 in file /var/www/html/Strongertogether/modules/users/model/dao/users_dao.class.singleton.php
 |  | response 200
17/12/16 05:34:09 PM | ERROR: [8] Undefined index: poblacion
Notice on line 36 in file /var/www/html/Strongertogether/modules/users/model/dao/users_dao.class.singleton.php
 |  | response 200
17/12/16 05:34:09 PM | ERROR: [2] Invalid argument supplied for foreach()
Warning on line 43 in file /var/www/html/Strongertogether/modules/users/model/dao/users_dao.class.singleton.php
 |  | response 200
17/12/16 05:34:09 PM | ERROR: [2] Invalid argument supplied for foreach()
Warning on line 60 in file /var/www/html/Strongertogether/modules/users/model/dao/users_dao.class.singleton.php
 |  | response 200
17/12/16 05:34:15 PM | error loadView general | view | response 400
17/12/16 05:34:16 PM | error loadView general | view | response 400
17/12/16 05:34:16 PM | error loadView general | view | response 400
17/12/16 05:34:29 PM | error loadView general | view | response 400
17/12/16 05:34:29 PM | error loadView general | view | response 400
17/12/16 05:34:33 PM | error loadView general | view | response 400
17/12/16 05:34:33 PM | error loadView general | view | response 400
17/12/16 05:34:43 PM | ERROR: [8] Undefined index: name
Notice on line 17 in file /var/www/html/Strongertogether/modules/users/model/dao/users_dao.class.singleton.php
 |  | response 200
17/12/16 05:34:43 PM | ERROR: [8] Undefined index: surname
Notice on line 18 in file /var/www/html/Strongertogether/modules/users/model/dao/users_dao.class.singleton.php
 |  | response 200
17/12/16 05:34:43 PM | ERROR: [8] Undefined index: id_document
Notice on line 19 in file /var/www/html/Strongertogether/modules/users/model/dao/users_dao.class.singleton.php
 |  | response 200
17/12/16 05:34:43 PM | ERROR: [8] Undefined index: phone
Notice on line 20 in file /var/www/html/Strongertogether/modules/users/model/dao/users_dao.class.singleton.php
 |  | response 200
17/12/16 05:34:43 PM | ERROR: [8] Undefined index: interests
Notice on line 30 in file /var/www/html/Strongertogether/modules/users/model/dao/users_dao.class.singleton.php
 |  | response 200
17/12/16 05:34:43 PM | ERROR: [8] Undefined index: gender
Notice on line 31 in file /var/www/html/Strongertogether/modules/users/model/dao/users_dao.class.singleton.php
 |  | response 200
17/12/16 05:34:43 PM | ERROR: [8] Undefined index: date_birthday
Notice on line 32 in file /var/www/html/Strongertogether/modules/users/model/dao/users_dao.class.singleton.php
 |  | response 200
17/12/16 05:34:43 PM | ERROR: [8] Undefined index: pais
Notice on line 34 in file /var/www/html/Strongertogether/modules/users/model/dao/users_dao.class.singleton.php
 |  | response 200
17/12/16 05:34:43 PM | ERROR: [8] Undefined index: provincia
Notice on line 35 in file /var/www/html/Strongertogether/modules/users/model/dao/users_dao.class.singleton.php
 |  | response 200
17/12/16 05:34:43 PM | ERROR: [8] Undefined index: poblacion
Notice on line 36 in file /var/www/html/Strongertogether/modules/users/model/dao/users_dao.class.singleton.php
 |  | response 200
17/12/16 05:34:43 PM | ERROR: [2] Invalid argument supplied for foreach()
Warning on line 43 in file /var/www/html/Strongertogether/modules/users/model/dao/users_dao.class.singleton.php
 |  | response 200
17/12/16 05:34:43 PM | ERROR: [2] Invalid argument supplied for foreach()
Warning on line 60 in file /var/www/html/Strongertogether/modules/users/model/dao/users_dao.class.singleton.php
 |  | response 200
17/12/16 05:34:44 PM | error loadView general | view | response 400
17/12/16 05:34:45 PM | error loadView general | view | response 400
17/12/16 05:34:45 PM | error loadView general | view | response 400
17/12/16 05:35:37 PM | error loadView general | view | response 400
17/12/16 05:35:37 PM | error loadView general | view | response 400
17/12/16 05:35:40 PM | error loadView general | view | response 400
17/12/16 05:35:40 PM | error loadView general | view | response 400
17/12/16 05:35:48 PM | ERROR: [8] Undefined index: name
Notice on line 17 in file /var/www/html/Strongertogether/modules/users/model/dao/users_dao.class.singleton.php
 |  | response 200
17/12/16 05:35:48 PM | ERROR: [8] Undefined index: surname
Notice on line 18 in file /var/www/html/Strongertogether/modules/users/model/dao/users_dao.class.singleton.php
 |  | response 200
17/12/16 05:35:48 PM | ERROR: [8] Undefined index: id_document
Notice on line 19 in file /var/www/html/Strongertogether/modules/users/model/dao/users_dao.class.singleton.php
 |  | response 200
17/12/16 05:35:48 PM | ERROR: [8] Undefined index: phone
Notice on line 20 in file /var/www/html/Strongertogether/modules/users/model/dao/users_dao.class.singleton.php
 |  | response 200
17/12/16 05:35:48 PM | ERROR: [8] Undefined index: interests
Notice on line 30 in file /var/www/html/Strongertogether/modules/users/model/dao/users_dao.class.singleton.php
 |  | response 200
17/12/16 05:35:48 PM | ERROR: [8] Undefined index: gender
Notice on line 31 in file /var/www/html/Strongertogether/modules/users/model/dao/users_dao.class.singleton.php
 |  | response 200
17/12/16 05:35:48 PM | ERROR: [8] Undefined index: date_birthday
Notice on line 32 in file /var/www/html/Strongertogether/modules/users/model/dao/users_dao.class.singleton.php
 |  | response 200
17/12/16 05:35:48 PM | ERROR: [8] Undefined index: pais
Notice on line 34 in file /var/www/html/Strongertogether/modules/users/model/dao/users_dao.class.singleton.php
 |  | response 200
17/12/16 05:35:48 PM | ERROR: [8] Undefined index: provincia
Notice on line 35 in file /var/www/html/Strongertogether/modules/users/model/dao/users_dao.class.singleton.php
 |  | response 200
17/12/16 05:35:48 PM | ERROR: [8] Undefined index: poblacion
Notice on line 36 in file /var/www/html/Strongertogether/modules/users/model/dao/users_dao.class.singleton.php
 |  | response 200
17/12/16 05:35:48 PM | ERROR: [2] Invalid argument supplied for foreach()
Warning on line 43 in file /var/www/html/Strongertogether/modules/users/model/dao/users_dao.class.singleton.php
 |  | response 200
17/12/16 05:35:48 PM | ERROR: [2] Invalid argument supplied for foreach()
Warning on line 60 in file /var/www/html/Strongertogether/modules/users/model/dao/users_dao.class.singleton.php
 |  | response 200
17/12/16 05:35:49 PM | error loadView general | view | response 400
17/12/16 05:35:49 PM | error loadView general | view | response 400
17/12/16 05:35:50 PM | error loadView general | view | response 400
17/12/16 05:35:53 PM | error loadView general | view | response 400
17/12/16 05:35:53 PM | error loadView general | view | response 400
17/12/16 05:35:59 PM | ERROR: [8] Undefined variable: sql
Notice on line 162 in file /var/www/html/Strongertogether/modules/users/model/dao/users_dao.class.singleton.php
 |  | response 200
17/12/16 05:35:59 PM | ERROR: [8] Undefined variable: fields
Notice on line 167 in file /var/www/html/Strongertogether/modules/users/model/dao/users_dao.class.singleton.php
 |  | response 200
17/12/16 05:35:59 PM | ERROR: [8] Undefined variable: sql
Notice on line 162 in file /var/www/html/Strongertogether/modules/users/model/dao/users_dao.class.singleton.php
 |  | response 200
17/12/16 05:35:59 PM | ERROR: [8] Undefined variable: fields
Notice on line 167 in file /var/www/html/Strongertogether/modules/users/model/dao/users_dao.class.singleton.php
 |  | response 200
17/12/16 05:36:00 PM | error loadView general | view | response 400
17/12/16 05:36:00 PM | error loadView general | view | response 400
17/12/16 05:36:00 PM | error loadView general | view | response 400
17/12/16 05:37:14 PM | error loadView general | view | response 400
17/12/16 05:37:14 PM | error loadView general | view | response 400
17/12/16 05:37:20 PM | ERROR: [8] Undefined variable: sql
Notice on line 162 in file /var/www/html/Strongertogether/modules/users/model/dao/users_dao.class.singleton.php
 |  | response 200
17/12/16 05:37:20 PM | ERROR: [8] Undefined variable: fields
Notice on line 167 in file /var/www/html/Strongertogether/modules/users/model/dao/users_dao.class.singleton.php
 |  | response 200
17/12/16 05:37:21 PM | ERROR: [8] Undefined variable: sql
Notice on line 162 in file /var/www/html/Strongertogether/modules/users/model/dao/users_dao.class.singleton.php
 |  | response 200
17/12/16 05:37:21 PM | ERROR: [8] Undefined variable: fields
Notice on line 167 in file /var/www/html/Strongertogether/modules/users/model/dao/users_dao.class.singleton.php
 |  | response 200
17/12/16 05:37:21 PM | error loadView general | view | response 400
17/12/16 05:37:21 PM | error loadView general | view | response 400
17/12/16 05:37:21 PM | error loadView general | view | response 400
